<?xml version="1.0" encoding="UTF-8"?>
<testsuite name="com.bridgelabz.MoodAnalyzerTest" tests="1" skipped="0" failures="0" errors="0" timestamp="2022-09-12T16:26:38" hostname="DESKTOP-EBGTH1I" time="0.101">
  <properties/>
  <testcase name="if_MessageWasSad_ShouldReturnSad()" classname="com.bridgelabz.MoodAnalyzerTest" time="0.101"/>
  <system-out><![CDATA[In happy mood
]]></system-out>
  <system-err><![CDATA[]]></system-err>
</testsuite>
