<?xml version="1.0" encoding="UTF-8"?>
<testsuite name="com.bridgelabz.MoodAnalyzerTest" tests="2" skipped="0" failures="0" errors="0" timestamp="2022-09-18T11:49:24" hostname="DESKTOP-EBGTH1I" time="0.072">
  <properties/>
  <testcase name="if_MessageWasHappy_ShouldReturnHappy()" classname="com.bridgelabz.MoodAnalyzerTest" time="0.067"/>
  <testcase name="if_MessageWasSad_ShouldReturnSad()" classname="com.bridgelabz.MoodAnalyzerTest" time="0.001"/>
  <system-out><![CDATA[]]></system-out>
  <system-err><![CDATA[]]></system-err>
</testsuite>
