<?xml version="1.0" encoding="UTF-8"?>
<testsuite name="com.bridgelabz.MoodAnalyzerTest" tests="3" skipped="0" failures="0" errors="0" timestamp="2022-09-18T12:01:39" hostname="DESKTOP-EBGTH1I" time="0.084">
  <properties/>
  <testcase name="ifMessageWasNull_ShouldReturnHappy()" classname="com.bridgelabz.MoodAnalyzerTest" time="0.071"/>
  <testcase name="if_MessageWasHappy_ShouldReturnHappy()" classname="com.bridgelabz.MoodAnalyzerTest" time="0.007"/>
  <testcase name="if_MessageWasSad_ShouldReturnSad()" classname="com.bridgelabz.MoodAnalyzerTest" time="0.003"/>
  <system-out><![CDATA[]]></system-out>
  <system-err><![CDATA[]]></system-err>
</testsuite>
